<html>
<head>
<title>TestNG:  Test</title>
<link href="../testng.css" rel="stylesheet" type="text/css" />
<link href="../my-testng.css" rel="stylesheet" type="text/css" />

<style type="text/css">
.log { display: none;} 
.stack-trace { display: none;} 
</style>
<script type="text/javascript">
<!--
function flip(e) {
  current = e.style.display;
  if (current == 'block') {
    e.style.display = 'none';
    return 0;
  }
  else {
    e.style.display = 'block';
    return 1;
  }
}

function toggleBox(szDivId, elem, msg1, msg2)
{
  var res = -1;  if (document.getElementById) {
    res = flip(document.getElementById(szDivId));
  }
  else if (document.all) {
    // this is the way old msie versions work
    res = flip(document.all[szDivId]);
  }
  if(elem) {
    if(res == 0) elem.innerHTML = msg1; else elem.innerHTML = msg2;
  }

}

function toggleAllBoxes() {
  if (document.getElementsByTagName) {
    d = document.getElementsByTagName('div');
    for (i = 0; i < d.length; i++) {
      if (d[i].className == 'log') {
        flip(d[i]);
      }
    }
  }
}

// -->
</script>

</head>
<body>
<h2 align='center'>Test</h2><table border='1' align="center">
<tr>
<td>Tests passed/Failed/Skipped:</td><td>40/7/0</td>
</tr><tr>
<td>Started on:</td><td>Thu Mar 09 19:59:00 EST 2023</td>
</tr>
<tr><td>Total time:</td><td>89 seconds (89674 ms)</td>
</tr><tr>
<td>Included groups:</td><td></td>
</tr><tr>
<td>Excluded groups:</td><td></td>
</tr>
</table><p/>
<small><i>(Hover the method name to see the test class name)</i></small><p/>
<table width='100%' border='1' class='invocation-failed'>
<tr><td colspan='4' align='center'><b>FAILED TESTS</b></td></tr>
<tr><td><b>Test method</b></td>
<td width="30%"><b>Exception</b></td>
<td width="10%"><b>Time (seconds)</b></td>
<td><b>Instance</b></td>
</tr>
<tr>
<td title='dsalgo_Testscenarios.Login_TC.aa_loginDDT()'><b>aa_loginDDT</b><br>Test class: dsalgo_Testscenarios.Login_TC<br>Parameters: facebook, Webisite@1</td>
<td><div><pre>java.lang.AssertionError: expected [true] but found [false]
	at dsalgo_Testscenarios.Login_TC.aa_loginDDT(Login_TC.java:71)
	at java.base/java.util.ArrayList.forEach(ArrayList.java:1511)
... Removed 29 stack frames</pre></div><a href='#' onClick='toggleBox("stack-trace1367405616", this, "Click to show all stack frames", "Click to hide stack frames")'>Click to show all stack frames</a>
<div class='stack-trace' id='stack-trace1367405616'><pre>java.lang.AssertionError: expected [true] but found [false]
	at org.testng.Assert.fail(Assert.java:99)
	at org.testng.Assert.failNotEquals(Assert.java:1037)
	at org.testng.Assert.assertTrue(Assert.java:45)
	at org.testng.Assert.assertTrue(Assert.java:55)
	at dsalgo_Testscenarios.Login_TC.aa_loginDDT(Login_TC.java:71)
	at java.base/jdk.internal.reflect.DirectMethodHandleAccessor.invoke(DirectMethodHandleAccessor.java:104)
	at java.base/java.lang.reflect.Method.invoke(Method.java:578)
	at org.testng.internal.MethodInvocationHelper.invokeMethod(MethodInvocationHelper.java:133)
	at org.testng.internal.TestInvoker.invokeMethod(TestInvoker.java:598)
	at org.testng.internal.TestInvoker.invokeTestMethod(TestInvoker.java:173)
	at org.testng.internal.MethodRunner.runInSequence(MethodRunner.java:46)
	at org.testng.internal.TestInvoker$MethodInvocationAgent.invoke(TestInvoker.java:824)
	at org.testng.internal.TestInvoker.invokeTestMethods(TestInvoker.java:146)
	at org.testng.internal.TestMethodWorker.invokeTestMethods(TestMethodWorker.java:146)
	at org.testng.internal.TestMethodWorker.run(TestMethodWorker.java:128)
	at java.base/java.util.ArrayList.forEach(ArrayList.java:1511)
	at org.testng.TestRunner.privateRun(TestRunner.java:794)
	at org.testng.TestRunner.run(TestRunner.java:596)
	at org.testng.SuiteRunner.runTest(SuiteRunner.java:377)
	at org.testng.SuiteRunner.runSequentially(SuiteRunner.java:371)
	at org.testng.SuiteRunner.privateRun(SuiteRunner.java:332)
	at org.testng.SuiteRunner.run(SuiteRunner.java:276)
	at org.testng.SuiteRunnerWorker.runSuite(SuiteRunnerWorker.java:53)
	at org.testng.SuiteRunnerWorker.run(SuiteRunnerWorker.java:96)
	at org.testng.TestNG.runSuitesSequentially(TestNG.java:1212)
	at org.testng.TestNG.runSuitesLocally(TestNG.java:1134)
	at org.testng.TestNG.runSuites(TestNG.java:1063)
	at org.testng.TestNG.run(TestNG.java:1031)
	at org.testng.remote.AbstractRemoteTestNG.run(AbstractRemoteTestNG.java:115)
	at org.testng.remote.RemoteTestNG.initAndRun(RemoteTestNG.java:251)
	at org.testng.remote.RemoteTestNG.main(RemoteTestNG.java:77)
</pre></div></td>
<td>1</td>
<td>dsalgo_Testscenarios.Login_TC@2257fadf</td></tr>
<tr>
<td title='dsalgo_Testscenarios.Arraypage_TC.Practice_Questions()'><b>Practice_Questions</b><br>Test class: dsalgo_Testscenarios.Arraypage_TC</td>
<td><div><pre>java.lang.AssertionError: expected [true] but found [false]
	at dsalgo_Testscenarios.Arraypage_TC.assertverify_practiceq(Arraypage_TC.java:291)
	at dsalgo_Testscenarios.Arraypage_TC.Practice_Questions(Arraypage_TC.java:157)
	at java.base/java.util.ArrayList.forEach(ArrayList.java:1511)
... Removed 29 stack frames</pre></div><a href='#' onClick='toggleBox("stack-trace1511925998", this, "Click to show all stack frames", "Click to hide stack frames")'>Click to show all stack frames</a>
<div class='stack-trace' id='stack-trace1511925998'><pre>java.lang.AssertionError: expected [true] but found [false]
	at org.testng.Assert.fail(Assert.java:99)
	at org.testng.Assert.failNotEquals(Assert.java:1037)
	at org.testng.Assert.assertTrue(Assert.java:45)
	at org.testng.Assert.assertTrue(Assert.java:55)
	at dsalgo_Testscenarios.Arraypage_TC.assertverify_practiceq(Arraypage_TC.java:291)
	at dsalgo_Testscenarios.Arraypage_TC.Practice_Questions(Arraypage_TC.java:157)
	at java.base/jdk.internal.reflect.DirectMethodHandleAccessor.invoke(DirectMethodHandleAccessor.java:104)
	at java.base/java.lang.reflect.Method.invoke(Method.java:578)
	at org.testng.internal.MethodInvocationHelper.invokeMethod(MethodInvocationHelper.java:133)
	at org.testng.internal.TestInvoker.invokeMethod(TestInvoker.java:598)
	at org.testng.internal.TestInvoker.invokeTestMethod(TestInvoker.java:173)
	at org.testng.internal.MethodRunner.runInSequence(MethodRunner.java:46)
	at org.testng.internal.TestInvoker$MethodInvocationAgent.invoke(TestInvoker.java:824)
	at org.testng.internal.TestInvoker.invokeTestMethods(TestInvoker.java:146)
	at org.testng.internal.TestMethodWorker.invokeTestMethods(TestMethodWorker.java:146)
	at org.testng.internal.TestMethodWorker.run(TestMethodWorker.java:128)
	at java.base/java.util.ArrayList.forEach(ArrayList.java:1511)
	at org.testng.TestRunner.privateRun(TestRunner.java:794)
	at org.testng.TestRunner.run(TestRunner.java:596)
	at org.testng.SuiteRunner.runTest(SuiteRunner.java:377)
	at org.testng.SuiteRunner.runSequentially(SuiteRunner.java:371)
	at org.testng.SuiteRunner.privateRun(SuiteRunner.java:332)
	at org.testng.SuiteRunner.run(SuiteRunner.java:276)
	at org.testng.SuiteRunnerWorker.runSuite(SuiteRunnerWorker.java:53)
	at org.testng.SuiteRunnerWorker.run(SuiteRunnerWorker.java:96)
	at org.testng.TestNG.runSuitesSequentially(TestNG.java:1212)
	at org.testng.TestNG.runSuitesLocally(TestNG.java:1134)
	at org.testng.TestNG.runSuites(TestNG.java:1063)
	at org.testng.TestNG.run(TestNG.java:1031)
	at org.testng.remote.AbstractRemoteTestNG.run(AbstractRemoteTestNG.java:115)
	at org.testng.remote.RemoteTestNG.initAndRun(RemoteTestNG.java:251)
	at org.testng.remote.RemoteTestNG.main(RemoteTestNG.java:77)
</pre></div></td>
<td>0</td>
<td>dsalgo_Testscenarios.Arraypage_TC@11a00961</td></tr>
<tr>
<td title='dsalgo_Testscenarios.Arraypage_TC.arraysinpython()'><b>arraysinpython</b><br>Test class: dsalgo_Testscenarios.Arraypage_TC<br>Parameters: kanthi</td>
<td><div><pre>java.lang.AssertionError: expected [true] but found [false]
	at dsalgo_Testscenarios.Arraypage_TC.arraysinpython(Arraypage_TC.java:55)
	at java.base/java.util.ArrayList.forEach(ArrayList.java:1511)
... Removed 29 stack frames</pre></div><a href='#' onClick='toggleBox("stack-trace1325104281", this, "Click to show all stack frames", "Click to hide stack frames")'>Click to show all stack frames</a>
<div class='stack-trace' id='stack-trace1325104281'><pre>java.lang.AssertionError: expected [true] but found [false]
	at org.testng.Assert.fail(Assert.java:99)
	at org.testng.Assert.failNotEquals(Assert.java:1037)
	at org.testng.Assert.assertTrue(Assert.java:45)
	at org.testng.Assert.assertTrue(Assert.java:55)
	at dsalgo_Testscenarios.Arraypage_TC.arraysinpython(Arraypage_TC.java:55)
	at java.base/jdk.internal.reflect.DirectMethodHandleAccessor.invoke(DirectMethodHandleAccessor.java:104)
	at java.base/java.lang.reflect.Method.invoke(Method.java:578)
	at org.testng.internal.MethodInvocationHelper.invokeMethod(MethodInvocationHelper.java:133)
	at org.testng.internal.TestInvoker.invokeMethod(TestInvoker.java:598)
	at org.testng.internal.TestInvoker.invokeTestMethod(TestInvoker.java:173)
	at org.testng.internal.MethodRunner.runInSequence(MethodRunner.java:46)
	at org.testng.internal.TestInvoker$MethodInvocationAgent.invoke(TestInvoker.java:824)
	at org.testng.internal.TestInvoker.invokeTestMethods(TestInvoker.java:146)
	at org.testng.internal.TestMethodWorker.invokeTestMethods(TestMethodWorker.java:146)
	at org.testng.internal.TestMethodWorker.run(TestMethodWorker.java:128)
	at java.base/java.util.ArrayList.forEach(ArrayList.java:1511)
	at org.testng.TestRunner.privateRun(TestRunner.java:794)
	at org.testng.TestRunner.run(TestRunner.java:596)
	at org.testng.SuiteRunner.runTest(SuiteRunner.java:377)
	at org.testng.SuiteRunner.runSequentially(SuiteRunner.java:371)
	at org.testng.SuiteRunner.privateRun(SuiteRunner.java:332)
	at org.testng.SuiteRunner.run(SuiteRunner.java:276)
	at org.testng.SuiteRunnerWorker.runSuite(SuiteRunnerWorker.java:53)
	at org.testng.SuiteRunnerWorker.run(SuiteRunnerWorker.java:96)
	at org.testng.TestNG.runSuitesSequentially(TestNG.java:1212)
	at org.testng.TestNG.runSuitesLocally(TestNG.java:1134)
	at org.testng.TestNG.runSuites(TestNG.java:1063)
	at org.testng.TestNG.run(TestNG.java:1031)
	at org.testng.remote.AbstractRemoteTestNG.run(AbstractRemoteTestNG.java:115)
	at org.testng.remote.RemoteTestNG.initAndRun(RemoteTestNG.java:251)
	at org.testng.remote.RemoteTestNG.main(RemoteTestNG.java:77)
</pre></div></td>
<td>0</td>
<td>dsalgo_Testscenarios.Arraypage_TC@11a00961</td></tr>
<tr>
<td title='dsalgo_Testscenarios.Arraypage_TC.arraysusinglist()'><b>arraysusinglist</b><br>Test class: dsalgo_Testscenarios.Arraypage_TC<br>Parameters: kanthi</td>
<td><div><pre>java.lang.AssertionError: expected [true] but found [false]
	at dsalgo_Testscenarios.Arraypage_TC.arraysusinglist(Arraypage_TC.java:85)
	at java.base/java.util.ArrayList.forEach(ArrayList.java:1511)
... Removed 29 stack frames</pre></div><a href='#' onClick='toggleBox("stack-trace1127705091", this, "Click to show all stack frames", "Click to hide stack frames")'>Click to show all stack frames</a>
<div class='stack-trace' id='stack-trace1127705091'><pre>java.lang.AssertionError: expected [true] but found [false]
	at org.testng.Assert.fail(Assert.java:99)
	at org.testng.Assert.failNotEquals(Assert.java:1037)
	at org.testng.Assert.assertTrue(Assert.java:45)
	at org.testng.Assert.assertTrue(Assert.java:55)
	at dsalgo_Testscenarios.Arraypage_TC.arraysusinglist(Arraypage_TC.java:85)
	at java.base/jdk.internal.reflect.DirectMethodHandleAccessor.invoke(DirectMethodHandleAccessor.java:104)
	at java.base/java.lang.reflect.Method.invoke(Method.java:578)
	at org.testng.internal.MethodInvocationHelper.invokeMethod(MethodInvocationHelper.java:133)
	at org.testng.internal.TestInvoker.invokeMethod(TestInvoker.java:598)
	at org.testng.internal.TestInvoker.invokeTestMethod(TestInvoker.java:173)
	at org.testng.internal.MethodRunner.runInSequence(MethodRunner.java:46)
	at org.testng.internal.TestInvoker$MethodInvocationAgent.invoke(TestInvoker.java:824)
	at org.testng.internal.TestInvoker.invokeTestMethods(TestInvoker.java:146)
	at org.testng.internal.TestMethodWorker.invokeTestMethods(TestMethodWorker.java:146)
	at org.testng.internal.TestMethodWorker.run(TestMethodWorker.java:128)
	at java.base/java.util.ArrayList.forEach(ArrayList.java:1511)
	at org.testng.TestRunner.privateRun(TestRunner.java:794)
	at org.testng.TestRunner.run(TestRunner.java:596)
	at org.testng.SuiteRunner.runTest(SuiteRunner.java:377)
	at org.testng.SuiteRunner.runSequentially(SuiteRunner.java:371)
	at org.testng.SuiteRunner.privateRun(SuiteRunner.java:332)
	at org.testng.SuiteRunner.run(SuiteRunner.java:276)
	at org.testng.SuiteRunnerWorker.runSuite(SuiteRunnerWorker.java:53)
	at org.testng.SuiteRunnerWorker.run(SuiteRunnerWorker.java:96)
	at org.testng.TestNG.runSuitesSequentially(TestNG.java:1212)
	at org.testng.TestNG.runSuitesLocally(TestNG.java:1134)
	at org.testng.TestNG.runSuites(TestNG.java:1063)
	at org.testng.TestNG.run(TestNG.java:1031)
	at org.testng.remote.AbstractRemoteTestNG.run(AbstractRemoteTestNG.java:115)
	at org.testng.remote.RemoteTestNG.initAndRun(RemoteTestNG.java:251)
	at org.testng.remote.RemoteTestNG.main(RemoteTestNG.java:77)
</pre></div></td>
<td>1</td>
<td>dsalgo_Testscenarios.Arraypage_TC@11a00961</td></tr>
<tr>
<td title='dsalgo_Testscenarios.Graph_TC.back_to_home()'><b>back_to_home</b><br>Test class: dsalgo_Testscenarios.Graph_TC</td>
<td><div><pre>java.lang.AssertionError: expected [true] but found [false]
	at dsalgo_Testscenarios.Graph_TC.back_to_home(Graph_TC.java:134)
	at java.base/java.util.ArrayList.forEach(ArrayList.java:1511)
... Removed 29 stack frames</pre></div><a href='#' onClick='toggleBox("stack-trace506043967", this, "Click to show all stack frames", "Click to hide stack frames")'>Click to show all stack frames</a>
<div class='stack-trace' id='stack-trace506043967'><pre>java.lang.AssertionError: expected [true] but found [false]
	at org.testng.Assert.fail(Assert.java:99)
	at org.testng.Assert.failNotEquals(Assert.java:1037)
	at org.testng.Assert.assertTrue(Assert.java:45)
	at org.testng.Assert.assertTrue(Assert.java:55)
	at dsalgo_Testscenarios.Graph_TC.back_to_home(Graph_TC.java:134)
	at java.base/jdk.internal.reflect.DirectMethodHandleAccessor.invoke(DirectMethodHandleAccessor.java:104)
	at java.base/java.lang.reflect.Method.invoke(Method.java:578)
	at org.testng.internal.MethodInvocationHelper.invokeMethod(MethodInvocationHelper.java:133)
	at org.testng.internal.TestInvoker.invokeMethod(TestInvoker.java:598)
	at org.testng.internal.TestInvoker.invokeTestMethod(TestInvoker.java:173)
	at org.testng.internal.MethodRunner.runInSequence(MethodRunner.java:46)
	at org.testng.internal.TestInvoker$MethodInvocationAgent.invoke(TestInvoker.java:824)
	at org.testng.internal.TestInvoker.invokeTestMethods(TestInvoker.java:146)
	at org.testng.internal.TestMethodWorker.invokeTestMethods(TestMethodWorker.java:146)
	at org.testng.internal.TestMethodWorker.run(TestMethodWorker.java:128)
	at java.base/java.util.ArrayList.forEach(ArrayList.java:1511)
	at org.testng.TestRunner.privateRun(TestRunner.java:794)
	at org.testng.TestRunner.run(TestRunner.java:596)
	at org.testng.SuiteRunner.runTest(SuiteRunner.java:377)
	at org.testng.SuiteRunner.runSequentially(SuiteRunner.java:371)
	at org.testng.SuiteRunner.privateRun(SuiteRunner.java:332)
	at org.testng.SuiteRunner.run(SuiteRunner.java:276)
	at org.testng.SuiteRunnerWorker.runSuite(SuiteRunnerWorker.java:53)
	at org.testng.SuiteRunnerWorker.run(SuiteRunnerWorker.java:96)
	at org.testng.TestNG.runSuitesSequentially(TestNG.java:1212)
	at org.testng.TestNG.runSuitesLocally(TestNG.java:1134)
	at org.testng.TestNG.runSuites(TestNG.java:1063)
	at org.testng.TestNG.run(TestNG.java:1031)
	at org.testng.remote.AbstractRemoteTestNG.run(AbstractRemoteTestNG.java:115)
	at org.testng.remote.RemoteTestNG.initAndRun(RemoteTestNG.java:251)
	at org.testng.remote.RemoteTestNG.main(RemoteTestNG.java:77)
</pre></div></td>
<td>0</td>
<td>dsalgo_Testscenarios.Graph_TC@4d774249</td></tr>
<tr>
<td title='dsalgo_Testscenarios.Arraypage_TC.Basic_Oprtations_list()'><b>Basic_Oprtations_list</b><br>Test class: dsalgo_Testscenarios.Arraypage_TC<br>Parameters: kanthi</td>
<td><div><pre>java.lang.AssertionError: expected [true] but found [false]
	at dsalgo_Testscenarios.Arraypage_TC.Basic_Oprtations_list(Arraypage_TC.java:113)
	at java.base/java.util.ArrayList.forEach(ArrayList.java:1511)
... Removed 29 stack frames</pre></div><a href='#' onClick='toggleBox("stack-trace810833183", this, "Click to show all stack frames", "Click to hide stack frames")'>Click to show all stack frames</a>
<div class='stack-trace' id='stack-trace810833183'><pre>java.lang.AssertionError: expected [true] but found [false]
	at org.testng.Assert.fail(Assert.java:99)
	at org.testng.Assert.failNotEquals(Assert.java:1037)
	at org.testng.Assert.assertTrue(Assert.java:45)
	at org.testng.Assert.assertTrue(Assert.java:55)
	at dsalgo_Testscenarios.Arraypage_TC.Basic_Oprtations_list(Arraypage_TC.java:113)
	at java.base/jdk.internal.reflect.DirectMethodHandleAccessor.invoke(DirectMethodHandleAccessor.java:104)
	at java.base/java.lang.reflect.Method.invoke(Method.java:578)
	at org.testng.internal.MethodInvocationHelper.invokeMethod(MethodInvocationHelper.java:133)
	at org.testng.internal.TestInvoker.invokeMethod(TestInvoker.java:598)
	at org.testng.internal.TestInvoker.invokeTestMethod(TestInvoker.java:173)
	at org.testng.internal.MethodRunner.runInSequence(MethodRunner.java:46)
	at org.testng.internal.TestInvoker$MethodInvocationAgent.invoke(TestInvoker.java:824)
	at org.testng.internal.TestInvoker.invokeTestMethods(TestInvoker.java:146)
	at org.testng.internal.TestMethodWorker.invokeTestMethods(TestMethodWorker.java:146)
	at org.testng.internal.TestMethodWorker.run(TestMethodWorker.java:128)
	at java.base/java.util.ArrayList.forEach(ArrayList.java:1511)
	at org.testng.TestRunner.privateRun(TestRunner.java:794)
	at org.testng.TestRunner.run(TestRunner.java:596)
	at org.testng.SuiteRunner.runTest(SuiteRunner.java:377)
	at org.testng.SuiteRunner.runSequentially(SuiteRunner.java:371)
	at org.testng.SuiteRunner.privateRun(SuiteRunner.java:332)
	at org.testng.SuiteRunner.run(SuiteRunner.java:276)
	at org.testng.SuiteRunnerWorker.runSuite(SuiteRunnerWorker.java:53)
	at org.testng.SuiteRunnerWorker.run(SuiteRunnerWorker.java:96)
	at org.testng.TestNG.runSuitesSequentially(TestNG.java:1212)
	at org.testng.TestNG.runSuitesLocally(TestNG.java:1134)
	at org.testng.TestNG.runSuites(TestNG.java:1063)
	at org.testng.TestNG.run(TestNG.java:1031)
	at org.testng.remote.AbstractRemoteTestNG.run(AbstractRemoteTestNG.java:115)
	at org.testng.remote.RemoteTestNG.initAndRun(RemoteTestNG.java:251)
	at org.testng.remote.RemoteTestNG.main(RemoteTestNG.java:77)
</pre></div></td>
<td>0</td>
<td>dsalgo_Testscenarios.Arraypage_TC@11a00961</td></tr>
<tr>
<td title='dsalgo_Testscenarios.Arraypage_TC.Applications_of_Array()'><b>Applications_of_Array</b><br>Test class: dsalgo_Testscenarios.Arraypage_TC<br>Parameters: kanthi</td>
<td><div><pre>java.lang.AssertionError: expected [true] but found [false]
	at dsalgo_Testscenarios.Arraypage_TC.Applications_of_Array(Arraypage_TC.java:141)
	at java.base/java.util.ArrayList.forEach(ArrayList.java:1511)
... Removed 29 stack frames</pre></div><a href='#' onClick='toggleBox("stack-trace38984335", this, "Click to show all stack frames", "Click to hide stack frames")'>Click to show all stack frames</a>
<div class='stack-trace' id='stack-trace38984335'><pre>java.lang.AssertionError: expected [true] but found [false]
	at org.testng.Assert.fail(Assert.java:99)
	at org.testng.Assert.failNotEquals(Assert.java:1037)
	at org.testng.Assert.assertTrue(Assert.java:45)
	at org.testng.Assert.assertTrue(Assert.java:55)
	at dsalgo_Testscenarios.Arraypage_TC.Applications_of_Array(Arraypage_TC.java:141)
	at java.base/jdk.internal.reflect.DirectMethodHandleAccessor.invoke(DirectMethodHandleAccessor.java:104)
	at java.base/java.lang.reflect.Method.invoke(Method.java:578)
	at org.testng.internal.MethodInvocationHelper.invokeMethod(MethodInvocationHelper.java:133)
	at org.testng.internal.TestInvoker.invokeMethod(TestInvoker.java:598)
	at org.testng.internal.TestInvoker.invokeTestMethod(TestInvoker.java:173)
	at org.testng.internal.MethodRunner.runInSequence(MethodRunner.java:46)
	at org.testng.internal.TestInvoker$MethodInvocationAgent.invoke(TestInvoker.java:824)
	at org.testng.internal.TestInvoker.invokeTestMethods(TestInvoker.java:146)
	at org.testng.internal.TestMethodWorker.invokeTestMethods(TestMethodWorker.java:146)
	at org.testng.internal.TestMethodWorker.run(TestMethodWorker.java:128)
	at java.base/java.util.ArrayList.forEach(ArrayList.java:1511)
	at org.testng.TestRunner.privateRun(TestRunner.java:794)
	at org.testng.TestRunner.run(TestRunner.java:596)
	at org.testng.SuiteRunner.runTest(SuiteRunner.java:377)
	at org.testng.SuiteRunner.runSequentially(SuiteRunner.java:371)
	at org.testng.SuiteRunner.privateRun(SuiteRunner.java:332)
	at org.testng.SuiteRunner.run(SuiteRunner.java:276)
	at org.testng.SuiteRunnerWorker.runSuite(SuiteRunnerWorker.java:53)
	at org.testng.SuiteRunnerWorker.run(SuiteRunnerWorker.java:96)
	at org.testng.TestNG.runSuitesSequentially(TestNG.java:1212)
	at org.testng.TestNG.runSuitesLocally(TestNG.java:1134)
	at org.testng.TestNG.runSuites(TestNG.java:1063)
	at org.testng.TestNG.run(TestNG.java:1031)
	at org.testng.remote.AbstractRemoteTestNG.run(AbstractRemoteTestNG.java:115)
	at org.testng.remote.RemoteTestNG.initAndRun(RemoteTestNG.java:251)
	at org.testng.remote.RemoteTestNG.main(RemoteTestNG.java:77)
</pre></div></td>
<td>0</td>
<td>dsalgo_Testscenarios.Arraypage_TC@11a00961</td></tr>
</table><p>
<table width='100%' border='1' class='invocation-passed'>
<tr><td colspan='4' align='center'><b>PASSED TESTS</b></td></tr>
<tr><td><b>Test method</b></td>
<td width="30%"><b>Exception</b></td>
<td width="10%"><b>Time (seconds)</b></td>
<td><b>Instance</b></td>
</tr>
<tr>
<td title='dsalgo_Testscenarios.Arraypage_TC.arraysinpython()'><b>arraysinpython</b><br>Test class: dsalgo_Testscenarios.Arraypage_TC<br>Parameters: grocery = ["apples", "banana", "cucumbers", "dates","strawberries"]
grocery.insert(2, "carrots")
print (grocery);</td>
<td></td>
<td>1</td>
<td>dsalgo_Testscenarios.Arraypage_TC@11a00961</td></tr>
<tr>
<td title='dsalgo_Testscenarios.Graph_TC.graphText_Editor()'><b>graphText_Editor</b><br>Test class: dsalgo_Testscenarios.Graph_TC<br>Parameters: print("Success")</td>
<td></td>
<td>2</td>
<td>dsalgo_Testscenarios.Graph_TC@4d774249</td></tr>
<tr>
<td title='dsalgo_Testscenarios.Stack_TC.exuteImplemation()'><b>exuteImplemation</b><br>Test class: dsalgo_Testscenarios.Stack_TC<br>Parameters: print("Success")</td>
<td></td>
<td>1</td>
<td>dsalgo_Testscenarios.Stack_TC@4992613f</td></tr>
<tr>
<td title='dsalgo_Testscenarios.Queue_TC.excuteQueueOperation()'><b>excuteQueueOperation</b><br>Test class: dsalgo_Testscenarios.Queue_TC<br>Parameters: print("Success")</td>
<td></td>
<td>1</td>
<td>dsalgo_Testscenarios.Queue_TC@6fd5717c</td></tr>
<tr>
<td title='dsalgo_Testscenarios.LinkedList_TC.LinkedList_Introduction()'><b>LinkedList_Introduction</b><br>Test class: dsalgo_Testscenarios.LinkedList_TC<br>Parameters: print("Success")</td>
<td></td>
<td>1</td>
<td>dsalgo_Testscenarios.LinkedList_TC@7ce9e05a</td></tr>
<tr>
<td title='dsalgo_Testscenarios.Login_TC.sign_inpage()'><b>sign_inpage</b><br>Test class: dsalgo_Testscenarios.Login_TC</td>
<td></td>
<td>0</td>
<td>dsalgo_Testscenarios.Login_TC@2257fadf</td></tr>
<tr>
<td title='dsalgo_Testscenarios.Stack_TC.exutapplications()'><b>exutapplications</b><br>Test class: dsalgo_Testscenarios.Stack_TC<br>Parameters: print("Success")</td>
<td></td>
<td>1</td>
<td>dsalgo_Testscenarios.Stack_TC@4992613f</td></tr>
<tr>
<td title='dsalgo_Testscenarios.Tree_TC.back_to_Home()'><b>back_to_Home</b><br>Test class: dsalgo_Testscenarios.Tree_TC</td>
<td></td>
<td>2</td>
<td>dsalgo_Testscenarios.Tree_TC@7e2f86e6</td></tr>
<tr>
<td title='dsalgo_Testscenarios.Queue_TC.excuteusingarray()'><b>excuteusingarray</b><br>Test class: dsalgo_Testscenarios.Queue_TC<br>Parameters: print("Success")</td>
<td></td>
<td>1</td>
<td>dsalgo_Testscenarios.Queue_TC@6fd5717c</td></tr>
<tr>
<td title='dsalgo_Testscenarios.Arraypage_TC.Basic_Oprtations_list()'><b>Basic_Oprtations_list</b><br>Test class: dsalgo_Testscenarios.Arraypage_TC<br>Parameters: print("apple")</td>
<td></td>
<td>0</td>
<td>dsalgo_Testscenarios.Arraypage_TC@11a00961</td></tr>
<tr>
<td title='dsalgo_Testscenarios.LinkedList_TC.LinkedList_PracticeQuestion()'><b>LinkedList_PracticeQuestion</b><br>Test class: dsalgo_Testscenarios.LinkedList_TC</td>
<td></td>
<td>0</td>
<td>dsalgo_Testscenarios.LinkedList_TC@7ce9e05a</td></tr>
<tr>
<td title='dsalgo_Testscenarios.LinkedList_TC.LinkedList_Create()'><b>LinkedList_Create</b><br>Test class: dsalgo_Testscenarios.LinkedList_TC<br>Parameters: print("Success")</td>
<td></td>
<td>0</td>
<td>dsalgo_Testscenarios.LinkedList_TC@7ce9e05a</td></tr>
<tr>
<td title='dsalgo_Testscenarios.Login_TC.a_opensign_inpage()'><b>a_opensign_inpage</b><br>Test class: dsalgo_Testscenarios.Login_TC</td>
<td></td>
<td>2</td>
<td>dsalgo_Testscenarios.Login_TC@2257fadf</td></tr>
<tr>
<td title='dsalgo_Testscenarios.LinkedList_TC.Linkedlistpage()'><b>Linkedlistpage</b><br>Test class: dsalgo_Testscenarios.LinkedList_TC</td>
<td></td>
<td>0</td>
<td>dsalgo_Testscenarios.LinkedList_TC@7ce9e05a</td></tr>
<tr>
<td title='dsalgo_Testscenarios.LinkedList_TC.LinkedList_Types()'><b>LinkedList_Types</b><br>Test class: dsalgo_Testscenarios.LinkedList_TC<br>Parameters: print("Success")</td>
<td></td>
<td>0</td>
<td>dsalgo_Testscenarios.LinkedList_TC@7ce9e05a</td></tr>
<tr>
<td title='dsalgo_Testscenarios.Arraypage_TC.Arraypage()'><b>Arraypage</b><br>Test class: dsalgo_Testscenarios.Arraypage_TC</td>
<td></td>
<td>0</td>
<td>dsalgo_Testscenarios.Arraypage_TC@11a00961</td></tr>
<tr>
<td title='dsalgo_Testscenarios.Login_TC.aa_loginDDT()'><b>aa_loginDDT</b><br>Test class: dsalgo_Testscenarios.Login_TC<br>Parameters: facebook2, Webisite@2</td>
<td></td>
<td>1</td>
<td>dsalgo_Testscenarios.Login_TC@2257fadf</td></tr>
<tr>
<td title='dsalgo_Testscenarios.Graph_TC.graphpage()'><b>graphpage</b><br>Test class: dsalgo_Testscenarios.Graph_TC</td>
<td></td>
<td>3</td>
<td>dsalgo_Testscenarios.Graph_TC@4d774249</td></tr>
<tr>
<td title='dsalgo_Testscenarios.Stack_TC.b_Stackpage()'><b>b_Stackpage</b><br>Test class: dsalgo_Testscenarios.Stack_TC</td>
<td></td>
<td>1</td>
<td>dsalgo_Testscenarios.Stack_TC@4992613f</td></tr>
<tr>
<td title='dsalgo_Testscenarios.Data_Structures_TC.DSText_editor()'><b>DSText_editor</b><br>Test class: dsalgo_Testscenarios.Data_Structures_TC<br>Parameters: print("Success")</td>
<td></td>
<td>2</td>
<td>dsalgo_Testscenarios.Data_Structures_TC@2b61a019</td></tr>
<tr>
<td title='dsalgo_Testscenarios.Arraypage_TC.arraysusinglist()'><b>arraysusinglist</b><br>Test class: dsalgo_Testscenarios.Arraypage_TC<br>Parameters: print("apple")</td>
<td></td>
<td>0</td>
<td>dsalgo_Testscenarios.Arraypage_TC@11a00961</td></tr>
<tr>
<td title='dsalgo_Testscenarios.Data_Structures_TC.Timecomplex()'><b>Timecomplex</b><br>Test class: dsalgo_Testscenarios.Data_Structures_TC</td>
<td></td>
<td>1</td>
<td>dsalgo_Testscenarios.Data_Structures_TC@2b61a019</td></tr>
<tr>
<td title='dsalgo_Testscenarios.LinkedList_TC.LinkedList_trasversal()'><b>LinkedList_trasversal</b><br>Test class: dsalgo_Testscenarios.LinkedList_TC<br>Parameters: print("Success")</td>
<td></td>
<td>0</td>
<td>dsalgo_Testscenarios.LinkedList_TC@7ce9e05a</td></tr>
<tr>
<td title='dsalgo_Testscenarios.LinkedList_TC.LinkedList_Deletion()'><b>LinkedList_Deletion</b><br>Test class: dsalgo_Testscenarios.LinkedList_TC<br>Parameters: print("Success")</td>
<td></td>
<td>9</td>
<td>dsalgo_Testscenarios.LinkedList_TC@7ce9e05a</td></tr>
<tr>
<td title='dsalgo_Testscenarios.Queue_TC.excutepracticequestions()'><b>excutepracticequestions</b><br>Test class: dsalgo_Testscenarios.Queue_TC</td>
<td></td>
<td>2</td>
<td>dsalgo_Testscenarios.Queue_TC@6fd5717c</td></tr>
<tr>
<td title='dsalgo_Testscenarios.Tree_TC.Tree()'><b>Tree</b><br>Test class: dsalgo_Testscenarios.Tree_TC</td>
<td></td>
<td>7</td>
<td>dsalgo_Testscenarios.Tree_TC@7e2f86e6</td></tr>
<tr>
<td title='dsalgo_Testscenarios.Arraypage_TC.Applications_of_Array()'><b>Applications_of_Array</b><br>Test class: dsalgo_Testscenarios.Arraypage_TC<br>Parameters: grocery = ["apples", "banana", "cucumbers", "dates","strawberries"]
grocery.insert(2, "carrots")
print (grocery);</td>
<td></td>
<td>1</td>
<td>dsalgo_Testscenarios.Arraypage_TC@11a00961</td></tr>
<tr>
<td title='dsalgo_Testscenarios.Arraypage_TC.Applications_of_Array()'><b>Applications_of_Array</b><br>Test class: dsalgo_Testscenarios.Arraypage_TC<br>Parameters: print("apple")</td>
<td></td>
<td>0</td>
<td>dsalgo_Testscenarios.Arraypage_TC@11a00961</td></tr>
<tr>
<td title='dsalgo_Testscenarios.Arraypage_TC.Final()'><b>Final</b><br>Test class: dsalgo_Testscenarios.Arraypage_TC</td>
<td></td>
<td>0</td>
<td>dsalgo_Testscenarios.Arraypage_TC@11a00961</td></tr>
<tr>
<td title='dsalgo_Testscenarios.Stack_TC.exuteoperationinstack()'><b>exuteoperationinstack</b><br>Test class: dsalgo_Testscenarios.Stack_TC<br>Parameters: print("Success")</td>
<td></td>
<td>1</td>
<td>dsalgo_Testscenarios.Stack_TC@4992613f</td></tr>
<tr>
<td title='dsalgo_Testscenarios.LinkedList_TC.LinkedList_implement()'><b>LinkedList_implement</b><br>Test class: dsalgo_Testscenarios.LinkedList_TC<br>Parameters: print("Success")</td>
<td></td>
<td>0</td>
<td>dsalgo_Testscenarios.LinkedList_TC@7ce9e05a</td></tr>
<tr>
<td title='dsalgo_Testscenarios.Queue_TC.b_Queuepage()'><b>b_Queuepage</b><br>Test class: dsalgo_Testscenarios.Queue_TC</td>
<td></td>
<td>1</td>
<td>dsalgo_Testscenarios.Queue_TC@6fd5717c</td></tr>
<tr>
<td title='dsalgo_Testscenarios.Arraypage_TC.Basic_Oprtations_list()'><b>Basic_Oprtations_list</b><br>Test class: dsalgo_Testscenarios.Arraypage_TC<br>Parameters: grocery = ["apples", "banana", "cucumbers", "dates","strawberries"]
grocery.insert(2, "carrots")
print (grocery);</td>
<td></td>
<td>1</td>
<td>dsalgo_Testscenarios.Arraypage_TC@11a00961</td></tr>
<tr>
<td title='dsalgo_Testscenarios.Queue_TC.exuteCollectionse()'><b>exuteCollectionse</b><br>Test class: dsalgo_Testscenarios.Queue_TC<br>Parameters: print("Success")</td>
<td></td>
<td>1</td>
<td>dsalgo_Testscenarios.Queue_TC@6fd5717c</td></tr>
<tr>
<td title='dsalgo_Testscenarios.Tree_TC.Tree_TextEditor()'><b>Tree_TextEditor</b><br>Test class: dsalgo_Testscenarios.Tree_TC<br>Parameters: print("Success")</td>
<td></td>
<td>2</td>
<td>dsalgo_Testscenarios.Tree_TC@7e2f86e6</td></tr>
<tr>
<td title='dsalgo_Testscenarios.Arraypage_TC.arraysusinglist()'><b>arraysusinglist</b><br>Test class: dsalgo_Testscenarios.Arraypage_TC<br>Parameters: grocery = ["apples", "banana", "cucumbers", "dates","strawberries"]
grocery.insert(2, "carrots")
print (grocery);</td>
<td></td>
<td>1</td>
<td>dsalgo_Testscenarios.Arraypage_TC@11a00961</td></tr>
<tr>
<td title='dsalgo_Testscenarios.Stack_TC.excutepracticequestions()'><b>excutepracticequestions</b><br>Test class: dsalgo_Testscenarios.Stack_TC</td>
<td></td>
<td>1</td>
<td>dsalgo_Testscenarios.Stack_TC@4992613f</td></tr>
<tr>
<td title='dsalgo_Testscenarios.Arraypage_TC.arraysinpython()'><b>arraysinpython</b><br>Test class: dsalgo_Testscenarios.Arraypage_TC<br>Parameters: print("apple")</td>
<td></td>
<td>0</td>
<td>dsalgo_Testscenarios.Arraypage_TC@11a00961</td></tr>
<tr>
<td title='dsalgo_Testscenarios.LinkedList_TC.LinkedList_insertion()'><b>LinkedList_insertion</b><br>Test class: dsalgo_Testscenarios.LinkedList_TC<br>Parameters: print("Success")</td>
<td></td>
<td>1</td>
<td>dsalgo_Testscenarios.LinkedList_TC@7ce9e05a</td></tr>
<tr>
<td title='dsalgo_Testscenarios.Queue_TC.exutePythonCode()'><b>exutePythonCode</b><br>Test class: dsalgo_Testscenarios.Queue_TC<br>Parameters: print("Success")</td>
<td></td>
<td>1</td>
<td>dsalgo_Testscenarios.Queue_TC@6fd5717c</td></tr>
</table><p>
</body>
</html>