<?xml version="1.0" encoding="UTF-8"?>
<!-- Generated by org.testng.reporters.JUnitXMLReporter -->
<testsuite ignored="7" hostname="DESKTOP-4MEIVF5" failures="7" tests="47" name="Test" time="89.674" errors="0" timestamp="2023-03-09T20:00:30 EST">
  <testcase classname="dsalgo_Testscenarios.Login_TC" name="a_opensign_inpage" time="2.29"/>
  <testcase classname="dsalgo_Testscenarios.Login_TC" name="sign_inpage" time="0.253"/>
  <testcase classname="dsalgo_Testscenarios.Login_TC" name="aa_loginDDT" time="1.443">
    <failure type="java.lang.AssertionError" message="expected [true] but found [false]">
      <![CDATA[java.lang.AssertionError: expected [true] but found [false]
at dsalgo_Testscenarios.Login_TC.aa_loginDDT(Login_TC.java:71)
at java.base/java.util.ArrayList.forEach(ArrayList.java:1511)
... Removed 29 stack frames]]>
    </failure>
  </testcase> <!-- aa_loginDDT -->
  <testcase classname="dsalgo_Testscenarios.Login_TC" name="aa_loginDDT" time="1.78"/>
  <testcase classname="dsalgo_Testscenarios.Data_Structures_TC" name="Timecomplex" time="1.015"/>
  <testcase classname="dsalgo_Testscenarios.Data_Structures_TC" name="DSText_editor" time="2.526"/>
  <testcase classname="dsalgo_Testscenarios.Arraypage_TC" name="Arraypage" time="0.19"/>
  <testcase classname="dsalgo_Testscenarios.Arraypage_TC" name="arraysinpython" time="1.137"/>
  <testcase classname="dsalgo_Testscenarios.Arraypage_TC" name="arraysinpython" time="0.57"/>
  <testcase classname="dsalgo_Testscenarios.Arraypage_TC" name="arraysinpython" time="0.578">
    <failure type="java.lang.AssertionError" message="expected [true] but found [false]">
      <![CDATA[java.lang.AssertionError: expected [true] but found [false]
at dsalgo_Testscenarios.Arraypage_TC.arraysinpython(Arraypage_TC.java:55)
at java.base/java.util.ArrayList.forEach(ArrayList.java:1511)
... Removed 29 stack frames]]>
    </failure>
  </testcase> <!-- arraysinpython -->
  <testcase classname="dsalgo_Testscenarios.Arraypage_TC" name="arraysusinglist" time="1.044"/>
  <testcase classname="dsalgo_Testscenarios.Arraypage_TC" name="arraysusinglist" time="0.917"/>
  <testcase classname="dsalgo_Testscenarios.Arraypage_TC" name="arraysusinglist" time="1.014">
    <failure type="java.lang.AssertionError" message="expected [true] but found [false]">
      <![CDATA[java.lang.AssertionError: expected [true] but found [false]
at dsalgo_Testscenarios.Arraypage_TC.arraysusinglist(Arraypage_TC.java:85)
at java.base/java.util.ArrayList.forEach(ArrayList.java:1511)
... Removed 29 stack frames]]>
    </failure>
  </testcase> <!-- arraysusinglist -->
  <testcase classname="dsalgo_Testscenarios.Arraypage_TC" name="Basic_Oprtations_list" time="1.087"/>
  <testcase classname="dsalgo_Testscenarios.Arraypage_TC" name="Basic_Oprtations_list" time="0.693"/>
  <testcase classname="dsalgo_Testscenarios.Arraypage_TC" name="Basic_Oprtations_list" time="0.612">
    <failure type="java.lang.AssertionError" message="expected [true] but found [false]">
      <![CDATA[java.lang.AssertionError: expected [true] but found [false]
at dsalgo_Testscenarios.Arraypage_TC.Basic_Oprtations_list(Arraypage_TC.java:113)
at java.base/java.util.ArrayList.forEach(ArrayList.java:1511)
... Removed 29 stack frames]]>
    </failure>
  </testcase> <!-- Basic_Oprtations_list -->
  <testcase classname="dsalgo_Testscenarios.Arraypage_TC" name="Applications_of_Array" time="1.064"/>
  <testcase classname="dsalgo_Testscenarios.Arraypage_TC" name="Applications_of_Array" time="0.654"/>
  <testcase classname="dsalgo_Testscenarios.Arraypage_TC" name="Applications_of_Array" time="0.727">
    <failure type="java.lang.AssertionError" message="expected [true] but found [false]">
      <![CDATA[java.lang.AssertionError: expected [true] but found [false]
at dsalgo_Testscenarios.Arraypage_TC.Applications_of_Array(Arraypage_TC.java:141)
at java.base/java.util.ArrayList.forEach(ArrayList.java:1511)
... Removed 29 stack frames]]>
    </failure>
  </testcase> <!-- Applications_of_Array -->
  <testcase classname="dsalgo_Testscenarios.Arraypage_TC" name="Practice_Questions" time="0.595">
    <failure type="java.lang.AssertionError" message="expected [true] but found [false]">
      <![CDATA[java.lang.AssertionError: expected [true] but found [false]
at dsalgo_Testscenarios.Arraypage_TC.assertverify_practiceq(Arraypage_TC.java:291)
at dsalgo_Testscenarios.Arraypage_TC.Practice_Questions(Arraypage_TC.java:157)
at java.base/java.util.ArrayList.forEach(ArrayList.java:1511)
... Removed 29 stack frames]]>
    </failure>
  </testcase> <!-- Practice_Questions -->
  <testcase classname="dsalgo_Testscenarios.Arraypage_TC" name="Final" time="0.124"/>
  <testcase classname="dsalgo_Testscenarios.LinkedList_TC" name="Linkedlistpage" time="0.216"/>
  <testcase classname="dsalgo_Testscenarios.LinkedList_TC" name="LinkedList_Introduction" time="1.554"/>
  <testcase classname="dsalgo_Testscenarios.LinkedList_TC" name="LinkedList_Create" time="0.858"/>
  <testcase classname="dsalgo_Testscenarios.LinkedList_TC" name="LinkedList_Types" time="0.757"/>
  <testcase classname="dsalgo_Testscenarios.LinkedList_TC" name="LinkedList_implement" time="0.609"/>
  <testcase classname="dsalgo_Testscenarios.LinkedList_TC" name="LinkedList_trasversal" time="0.804"/>
  <testcase classname="dsalgo_Testscenarios.LinkedList_TC" name="LinkedList_insertion" time="1.388"/>
  <testcase classname="dsalgo_Testscenarios.LinkedList_TC" name="LinkedList_Deletion" time="9.283"/>
  <testcase classname="dsalgo_Testscenarios.LinkedList_TC" name="LinkedList_PracticeQuestion" time="0.941"/>
  <testcase classname="dsalgo_Testscenarios.Stack_TC" name="b_Stackpage" time="1.368"/>
  <testcase classname="dsalgo_Testscenarios.Stack_TC" name="exuteoperationinstack" time="1.208"/>
  <testcase classname="dsalgo_Testscenarios.Stack_TC" name="exuteImplemation" time="1.869"/>
  <testcase classname="dsalgo_Testscenarios.Stack_TC" name="exutapplications" time="1.14"/>
  <testcase classname="dsalgo_Testscenarios.Stack_TC" name="excutepracticequestions" time="1.287"/>
  <testcase classname="dsalgo_Testscenarios.Queue_TC" name="b_Queuepage" time="1.494"/>
  <testcase classname="dsalgo_Testscenarios.Queue_TC" name="exutePythonCode" time="1.75"/>
  <testcase classname="dsalgo_Testscenarios.Queue_TC" name="exuteCollectionse" time="1.461"/>
  <testcase classname="dsalgo_Testscenarios.Queue_TC" name="excuteusingarray" time="1.191"/>
  <testcase classname="dsalgo_Testscenarios.Queue_TC" name="excuteQueueOperation" time="1.492"/>
  <testcase classname="dsalgo_Testscenarios.Queue_TC" name="excutepracticequestions" time="2.382"/>
  <testcase classname="dsalgo_Testscenarios.Tree_TC" name="Tree" time="7.303"/>
  <testcase classname="dsalgo_Testscenarios.Tree_TC" name="Tree_TextEditor" time="2.416"/>
  <testcase classname="dsalgo_Testscenarios.Tree_TC" name="back_to_Home" time="2.207"/>
  <testcase classname="dsalgo_Testscenarios.Graph_TC" name="graphpage" time="3.532"/>
  <testcase classname="dsalgo_Testscenarios.Graph_TC" name="graphText_Editor" time="2.844"/>
  <testcase classname="dsalgo_Testscenarios.Graph_TC" name="back_to_home" time="0.217">
    <failure type="java.lang.AssertionError" message="expected [true] but found [false]">
      <![CDATA[java.lang.AssertionError: expected [true] but found [false]
at dsalgo_Testscenarios.Graph_TC.back_to_home(Graph_TC.java:134)
at java.base/java.util.ArrayList.forEach(ArrayList.java:1511)
... Removed 29 stack frames]]>
    </failure>
  </testcase> <!-- back_to_home -->
  <testcase classname="dsalgo_Testscenarios.BaseClass" name="@AfterSuite quit" time="0.0">
    <ignored/>
  </testcase> <!-- @AfterSuite quit -->
  <testcase classname="dsalgo_Testscenarios.BaseClass" name="@AfterSuite quit" time="0.0">
    <ignored/>
  </testcase> <!-- @AfterSuite quit -->
  <testcase classname="dsalgo_Testscenarios.BaseClass" name="@AfterSuite quit" time="0.0">
    <ignored/>
  </testcase> <!-- @AfterSuite quit -->
  <testcase classname="dsalgo_Testscenarios.BaseClass" name="@AfterSuite quit" time="0.0">
    <ignored/>
  </testcase> <!-- @AfterSuite quit -->
  <testcase classname="dsalgo_Testscenarios.BaseClass" name="@AfterSuite quit" time="0.0">
    <ignored/>
  </testcase> <!-- @AfterSuite quit -->
  <testcase classname="dsalgo_Testscenarios.BaseClass" name="@AfterSuite quit" time="0.0">
    <ignored/>
  </testcase> <!-- @AfterSuite quit -->
  <testcase classname="dsalgo_Testscenarios.BaseClass" name="@AfterSuite quit" time="0.0">
    <ignored/>
  </testcase> <!-- @AfterSuite quit -->
</testsuite> <!-- Test -->
