{"uuid":"c72678c5-5da2-4f33-a5e6-dfff0babc6d4","historyId":"5aabb2282485cc99613915766229ae21","fullName":"dsalgo_Testscenarios.Register_TC.register","labels":[{"name":"package","value":"dsalgo_Testscenarios.Register_TC"},{"name":"testClass","value":"dsalgo_Testscenarios.Register_TC"},{"name":"testMethod","value":"register"},{"name":"parentSuite","value":"Suite"},{"name":"suite","value":"Test"},{"name":"subSuite","value":"dsalgo_Testscenarios.Register_TC"},{"name":"host","value":"DESKTOP-M62ULPA"},{"name":"thread","value":"2456@DESKTOP-M62ULPA.main(1)"},{"name":"framework","value":"testng"},{"name":"language","value":"java"}],"links":[],"name":"register","status":"skipped","statusDetails":{"known":false,"muted":false,"flaky":false,"message":"java.io.FileNotFoundException: C:\\Users\\kanth\\git\\Ds_algosrc\\test\\resources\\TestData\\registerinputs.xlsx (The system cannot find the path specified)","trace":"java.lang.RuntimeException: java.io.FileNotFoundException: C:\\Users\\kanth\\git\\Ds_algosrc\\test\\resources\\TestData\\registerinputs.xlsx (The system cannot find the path specified)\r\n\tat org.testng.internal.MethodInvocationHelper.invokeMethodNoCheckedException(MethodInvocationHelper.java:50)\r\n\tat org.testng.internal.MethodInvocationHelper.invokeDataProvider(MethodInvocationHelper.java:146)\r\n\tat org.testng.internal.Parameters.handleParameters(Parameters.java:798)\r\n\tat org.testng.internal.Parameters.handleParameters(Parameters.java:740)\r\n\tat org.testng.internal.ParameterHandler.handleParameters(ParameterHandler.java:59)\r\n\tat org.testng.internal.ParameterHandler.createParameters(ParameterHandler.java:38)\r\n\tat org.testng.internal.TestInvoker$MethodInvocationAgent.invoke(TestInvoker.java:791)\r\n\tat org.testng.internal.TestInvoker.invokeTestMethods(TestInvoker.java:146)\r\n\tat org.testng.internal.TestMethodWorker.invokeTestMethods(TestMethodWorker.java:146)\r\n\tat org.testng.internal.TestMethodWorker.run(TestMethodWorker.java:128)\r\n\tat java.base/java.util.ArrayList.forEach(ArrayList.java:1511)\r\n\tat org.testng.TestRunner.privateRun(TestRunner.java:794)\r\n\tat org.testng.TestRunner.run(TestRunner.java:596)\r\n\tat org.testng.SuiteRunner.runTest(SuiteRunner.java:377)\r\n\tat org.testng.SuiteRunner.runSequentially(SuiteRunner.java:371)\r\n\tat org.testng.SuiteRunner.privateRun(SuiteRunner.java:332)\r\n\tat org.testng.SuiteRunner.run(SuiteRunner.java:276)\r\n\tat org.testng.SuiteRunnerWorker.runSuite(SuiteRunnerWorker.java:53)\r\n\tat org.testng.SuiteRunnerWorker.run(SuiteRunnerWorker.java:96)\r\n\tat org.testng.TestNG.runSuitesSequentially(TestNG.java:1212)\r\n\tat org.testng.TestNG.runSuitesLocally(TestNG.java:1134)\r\n\tat org.testng.TestNG.runSuites(TestNG.java:1063)\r\n\tat org.testng.TestNG.run(TestNG.java:1031)\r\n\tat org.testng.remote.AbstractRemoteTestNG.run(AbstractRemoteTestNG.java:115)\r\n\tat org.testng.remote.RemoteTestNG.initAndRun(RemoteTestNG.java:251)\r\n\tat org.testng.remote.RemoteTestNG.main(RemoteTestNG.java:77)\r\nCaused by: java.io.FileNotFoundException: C:\\Users\\kanth\\git\\Ds_algosrc\\test\\resources\\TestData\\registerinputs.xlsx (The system cannot find the path specified)\r\n\tat java.base/java.io.FileInputStream.open0(Native Method)\r\n\tat java.base/java.io.FileInputStream.open(FileInputStream.java:219)\r\n\tat java.base/java.io.FileInputStream.<init>(FileInputStream.java:158)\r\n\tat java.base/java.io.FileInputStream.<init>(FileInputStream.java:112)\r\n\tat ds_algo_Utilities.XLUtils.getRowCount(XLUtils.java:24)\r\n\tat dsalgo_Testscenarios.Register_TC.getData(Register_TC.java:62)\r\n\tat java.base/jdk.internal.reflect.DirectMethodHandleAccessor.invoke(DirectMethodHandleAccessor.java:104)\r\n\tat java.base/java.lang.reflect.Method.invoke(Method.java:578)\r\n\tat org.testng.internal.MethodInvocationHelper.invokeMethod(MethodInvocationHelper.java:133)\r\n\tat org.testng.internal.MethodInvocationHelper.invokeMethod(MethodInvocationHelper.java:77)\r\n\tat org.testng.internal.MethodInvocationHelper.invokeMethodNoCheckedException(MethodInvocationHelper.java:46)\r\n\t... 25 more\r\n"},"stage":"finished","steps":[],"attachments":[],"parameters":[],"start":1677638670494,"stop":1677638670495}